<?xml version="1.0" encoding="UTF-8"?>
<testng-results ignored="0" total="1" passed="0" failed="0" skipped="1">
  <reporter-output>
    <line>
      <![CDATA[Connect to server]]>
    </line>
    <line>
      <![CDATA[Connect to database]]>
    </line>
    <line>
      <![CDATA[Browser got Lauched successfully]]>
    </line>
    <line>
      <![CDATA[Disconnect to the database]]>
    </line>
  </reporter-output>
  <suite started-at="2024-02-12T15:46:52 IST" name="Default suite" finished-at="2024-02-12T15:47:36 IST" duration-ms="44711">
    <groups>
    </groups>
    <test started-at="2024-02-12T15:46:52 IST" name="Default test" finished-at="2024-02-12T15:47:36 IST" duration-ms="44711">
      <class name="testScript.ToLoginTest">
        <test-method is-config="true" signature="ConnectServer()[pri:0, instance:testScript.ToLoginTest@55182842]" started-at="2024-02-12T15:46:52 IST" name="ConnectServer" finished-at="2024-02-12T15:46:52 IST" duration-ms="60" status="PASS">
          <reporter-output>
            <line>
              <![CDATA[Connect to server]]>
            </line>
          </reporter-output>
        </test-method> <!-- ConnectServer -->
        <test-method is-config="true" signature="connectDB()[pri:0, instance:testScript.ToLoginTest@55182842]" started-at="2024-02-12T15:46:52 IST" name="connectDB" finished-at="2024-02-12T15:46:52 IST" duration-ms="1" status="PASS">
          <reporter-output>
            <line>
              <![CDATA[Connect to database]]>
            </line>
          </reporter-output>
        </test-method> <!-- connectDB -->
        <test-method is-config="true" signature="OpenBrowser()[pri:0, instance:testScript.ToLoginTest@55182842]" started-at="2024-02-12T15:46:52 IST" name="OpenBrowser" finished-at="2024-02-12T15:47:36 IST" duration-ms="44344" status="FAIL">
          <exception class="java.lang.NullPointerException">
            <message>
              <![CDATA[Cannot invoke "org.openqa.selenium.WebDriver.manage()" because "genericUtility.WebDriverUtility.driver" is null]]>
            </message>
            <full-stacktrace>
              <![CDATA[java.lang.NullPointerException: Cannot invoke "org.openqa.selenium.WebDriver.manage()" because "genericUtility.WebDriverUtility.driver" is null
at genericUtility.WebDriverUtility.maximize(WebDriverUtility.java:40)
at genericUtility.BaseClass.OpenBrowser(BaseClass.java:36)
at java.base/jdk.internal.reflect.NativeMethodAccessorImpl.invoke0(Native Method)
at java.base/jdk.internal.reflect.NativeMethodAccessorImpl.invoke(NativeMethodAccessorImpl.java:77)
at java.base/jdk.internal.reflect.DelegatingMethodAccessorImpl.invoke(DelegatingMethodAccessorImpl.java:43)
at java.base/java.lang.reflect.Method.invoke(Method.java:568)
at org.testng.internal.MethodInvocationHelper.invokeMethod(MethodInvocationHelper.java:133)
at org.testng.internal.MethodInvocationHelper.invokeMethodConsideringTimeout(MethodInvocationHelper.java:62)
at org.testng.internal.ConfigInvoker.invokeConfigurationMethod(ConfigInvoker.java:385)
at org.testng.internal.ConfigInvoker.invokeConfigurations(ConfigInvoker.java:321)
at org.testng.internal.TestMethodWorker.invokeBeforeClassMethods(TestMethodWorker.java:176)
at org.testng.internal.TestMethodWorker.run(TestMethodWorker.java:122)
at java.base/java.util.ArrayList.forEach(ArrayList.java:1511)
at org.testng.TestRunner.privateRun(TestRunner.java:794)
at org.testng.TestRunner.run(TestRunner.java:596)
at org.testng.SuiteRunner.runTest(SuiteRunner.java:377)
at org.testng.SuiteRunner.runSequentially(SuiteRunner.java:371)
at org.testng.SuiteRunner.privateRun(SuiteRunner.java:332)
at org.testng.SuiteRunner.run(SuiteRunner.java:276)
at org.testng.SuiteRunnerWorker.runSuite(SuiteRunnerWorker.java:53)
at org.testng.SuiteRunnerWorker.run(SuiteRunnerWorker.java:96)
at org.testng.TestNG.runSuitesSequentially(TestNG.java:1212)
at org.testng.TestNG.runSuitesLocally(TestNG.java:1134)
at org.testng.TestNG.runSuites(TestNG.java:1063)
at org.testng.TestNG.run(TestNG.java:1031)
at org.testng.remote.AbstractRemoteTestNG.run(AbstractRemoteTestNG.java:115)
at org.testng.remote.RemoteTestNG.initAndRun(RemoteTestNG.java:251)
at org.testng.remote.RemoteTestNG.main(RemoteTestNG.java:77)
]]>
            </full-stacktrace>
          </exception> <!-- java.lang.NullPointerException -->
          <reporter-output>
            <line>
              <![CDATA[Browser got Lauched successfully]]>
            </line>
          </reporter-output>
        </test-method> <!-- OpenBrowser -->
        <test-method is-config="true" signature="toLogin()[pri:0, instance:testScript.ToLoginTest@55182842]" started-at="2024-02-12T15:47:36 IST" name="toLogin" finished-at="1970-01-01T05:30:00 IST" duration-ms="-1707733056812" status="SKIP">
          <reporter-output>
          </reporter-output>
        </test-method> <!-- toLogin -->
        <test-method signature="testCse()[pri:0, instance:testScript.ToLoginTest@55182842]" started-at="2024-02-12T15:47:36 IST" name="testCse" finished-at="2024-02-12T15:47:36 IST" duration-ms="0" status="SKIP">
          <exception class="java.lang.NullPointerException">
            <message>
              <![CDATA[Cannot invoke "org.openqa.selenium.WebDriver.manage()" because "genericUtility.WebDriverUtility.driver" is null]]>
            </message>
            <full-stacktrace>
              <![CDATA[java.lang.NullPointerException: Cannot invoke "org.openqa.selenium.WebDriver.manage()" because "genericUtility.WebDriverUtility.driver" is null
at genericUtility.WebDriverUtility.maximize(WebDriverUtility.java:40)
at genericUtility.BaseClass.OpenBrowser(BaseClass.java:36)
at java.base/jdk.internal.reflect.NativeMethodAccessorImpl.invoke0(Native Method)
at java.base/jdk.internal.reflect.NativeMethodAccessorImpl.invoke(NativeMethodAccessorImpl.java:77)
at java.base/jdk.internal.reflect.DelegatingMethodAccessorImpl.invoke(DelegatingMethodAccessorImpl.java:43)
at java.base/java.lang.reflect.Method.invoke(Method.java:568)
at org.testng.internal.MethodInvocationHelper.invokeMethod(MethodInvocationHelper.java:133)
at org.testng.internal.MethodInvocationHelper.invokeMethodConsideringTimeout(MethodInvocationHelper.java:62)
at org.testng.internal.ConfigInvoker.invokeConfigurationMethod(ConfigInvoker.java:385)
at org.testng.internal.ConfigInvoker.invokeConfigurations(ConfigInvoker.java:321)
at org.testng.internal.TestMethodWorker.invokeBeforeClassMethods(TestMethodWorker.java:176)
at org.testng.internal.TestMethodWorker.run(TestMethodWorker.java:122)
at java.base/java.util.ArrayList.forEach(ArrayList.java:1511)
at org.testng.TestRunner.privateRun(TestRunner.java:794)
at org.testng.TestRunner.run(TestRunner.java:596)
at org.testng.SuiteRunner.runTest(SuiteRunner.java:377)
at org.testng.SuiteRunner.runSequentially(SuiteRunner.java:371)
at org.testng.SuiteRunner.privateRun(SuiteRunner.java:332)
at org.testng.SuiteRunner.run(SuiteRunner.java:276)
at org.testng.SuiteRunnerWorker.runSuite(SuiteRunnerWorker.java:53)
at org.testng.SuiteRunnerWorker.run(SuiteRunnerWorker.java:96)
at org.testng.TestNG.runSuitesSequentially(TestNG.java:1212)
at org.testng.TestNG.runSuitesLocally(TestNG.java:1134)
at org.testng.TestNG.runSuites(TestNG.java:1063)
at org.testng.TestNG.run(TestNG.java:1031)
at org.testng.remote.AbstractRemoteTestNG.run(AbstractRemoteTestNG.java:115)
at org.testng.remote.RemoteTestNG.initAndRun(RemoteTestNG.java:251)
at org.testng.remote.RemoteTestNG.main(RemoteTestNG.java:77)
]]>
            </full-stacktrace>
          </exception> <!-- java.lang.NullPointerException -->
          <reporter-output>
          </reporter-output>
        </test-method> <!-- testCse -->
        <test-method is-config="true" signature="toLogout()[pri:0, instance:testScript.ToLoginTest@55182842]" started-at="2024-02-12T15:47:36 IST" name="toLogout" finished-at="1970-01-01T05:30:00 IST" duration-ms="-1707733056824" status="SKIP">
          <reporter-output>
          </reporter-output>
        </test-method> <!-- toLogout -->
        <test-method is-config="true" signature="closerBrowser()[pri:0, instance:testScript.ToLoginTest@55182842]" started-at="2024-02-12T15:47:36 IST" name="closerBrowser" finished-at="1970-01-01T05:30:00 IST" duration-ms="-1707733056825" status="SKIP">
          <reporter-output>
          </reporter-output>
        </test-method> <!-- closerBrowser -->
        <test-method is-config="true" signature="disconnectDB()[pri:0, instance:testScript.ToLoginTest@55182842]" started-at="2024-02-12T15:47:36 IST" name="disconnectDB" finished-at="2024-02-12T15:47:36 IST" duration-ms="0" status="PASS">
          <reporter-output>
            <line>
              <![CDATA[Disconnect to the database]]>
            </line>
          </reporter-output>
        </test-method> <!-- disconnectDB -->
      </class> <!-- testScript.ToLoginTest -->
    </test> <!-- Default test -->
  </suite> <!-- Default suite -->
</testng-results>
